<?xml version="1.0" encoding="UTF-8"?>
<testng-results ignored="0" total="1" passed="1" failed="0" skipped="0">
  <reporter-output>
  </reporter-output>
  <suite started-at="2022-09-13T18:50:12 IST" name="Default suite" finished-at="2022-09-13T18:50:20 IST" duration-ms="8555">
    <groups>
    </groups>
    <test started-at="2022-09-13T18:50:12 IST" name="Default test" finished-at="2022-09-13T18:50:20 IST" duration-ms="8555">
      <class name="com.testng.TestNg">
        <test-method signature="main()[pri:0, instance:com.testng.TestNg@19e4653c]" started-at="2022-09-13T18:50:12 IST" name="main" finished-at="2022-09-13T18:50:20 IST" duration-ms="8475" status="PASS">
          <reporter-output>
          </reporter-output>
        </test-method> <!-- main -->
      </class> <!-- com.testng.TestNg -->
    </test> <!-- Default test -->
  </suite> <!-- Default suite -->
</testng-results>
